<?xml version="1.0" encoding="UTF-8" ?>
<testsuite errors="0" failures="0" hostname="ws-183-113.han.nl" name="amdahl.AmdahlTests" tests="6" time="0.037" timestamp="2011-09-07T11:27:00">
  <properties>
    <property name="java.vendor" value="Apple Inc." />
    <property name="dirs.checkstyle" value="/Users/wouterkonecny/Documents/Eclipse/workspace/Amdahl/reports/checkstyle" />
    <property name="sun.java.launcher" value="SUN_STANDARD" />
    <property name="sun.management.compiler" value="HotSpot 64-Bit Tiered Compilers" />
    <property name="os.name" value="Mac OS X" />
    <property name="sun.boot.class.path" value="/System/Library/Java/JavaVirtualMachines/1.6.0.jdk/Contents/Classes/jsfd.jar:/System/Library/Java/JavaVirtualMachines/1.6.0.jdk/Contents/Classes/classes.jar:/System/Library/Frameworks/JavaVM.framework/Frameworks/JavaRuntimeSupport.framework/Resources/Java/JavaRuntimeSupport.jar:/System/Library/Java/JavaVirtualMachines/1.6.0.jdk/Contents/Classes/ui.jar:/System/Library/Java/JavaVirtualMachines/1.6.0.jdk/Contents/Classes/laf.jar:/System/Library/Java/JavaVirtualMachines/1.6.0.jdk/Contents/Classes/sunrsasign.jar:/System/Library/Java/JavaVirtualMachines/1.6.0.jdk/Contents/Classes/jsse.jar:/System/Library/Java/JavaVirtualMachines/1.6.0.jdk/Contents/Classes/jce.jar:/System/Library/Java/JavaVirtualMachines/1.6.0.jdk/Contents/Classes/charsets.jar" />
    <property name="TODAY" value="September 7 2011" />
    <property name="java.vm.specification.vendor" value="Sun Microsystems Inc." />
    <property name="ant.home" value="/Applications/Eclipse/plugins/org.apache.ant_1.8.2.v20110505-1300" />
    <property name="java.runtime.version" value="1.6.0_26-b03-383-11A511" />
    <property name="user.name" value="wouterkonecny" />
    <property name="dirs.build" value="/Users/wouterkonecny/Documents/Eclipse/workspace/Amdahl/build" />
    <property name="awt.nativeDoubleBuffering" value="true" />
    <property name="user.language" value="en" />
    <property name="sun.boot.library.path" value="/System/Library/Java/JavaVirtualMachines/1.6.0.jdk/Contents/Libraries" />
    <property name="dirs.reports" value="/Users/wouterkonecny/Documents/Eclipse/workspace/Amdahl/reports" />
    <property name="ant.project.default-target" value="dist" />
    <property name="ant.project.name" value="AntIntro" />
    <property name="DSTAMP" value="20110907" />
    <property name="java.version" value="1.6.0_26" />
    <property name="user.timezone" value="" />
    <property name="sun.arch.data.model" value="64" />
    <property name="http.nonProxyHosts" value="local|*.local|169.254/16|*.169.254/16" />
    <property name="java.endorsed.dirs" value="/System/Library/Java/JavaVirtualMachines/1.6.0.jdk/Contents/Home/lib/endorsed" />
    <property name="sun.cpu.isalist" value="" />
    <property name="sun.jnu.encoding" value="MacRoman" />
    <property name="file.encoding.pkg" value="sun.io" />
    <property name="file.separator" value="/" />
    <property name="java.specification.name" value="Java Platform API Specification" />
    <property name="java.class.version" value="50.0" />
    <property name="user.country" value="US" />
    <property name="ant.file.type.AntIntro" value="file" />
    <property name="java.home" value="/System/Library/Java/JavaVirtualMachines/1.6.0.jdk/Contents/Home" />
    <property name="java.vm.info" value="mixed mode" />
    <property name="ant.file" value="/Users/wouterkonecny/Documents/Eclipse/workspace/Amdahl/build.xml" />
    <property name="os.version" value="10.7.1" />
    <property name="dirs.test" value="/Users/wouterkonecny/Documents/Eclipse/workspace/Amdahl/test" />
    <property name="path.separator" value=":" />
    <property name="java.vm.version" value="20.1-b02-383" />
    <property name="ant.library.dir" value="/Applications/Eclipse/plugins/org.apache.ant_1.8.2.v20110505-1300/lib" />
    <property name="java.awt.printerjob" value="apple.awt.CPrinterJob" />
    <property name="sun.io.unicode.encoding" value="UnicodeLittle" />
    <property name="dirs.config" value="/Users/wouterkonecny/Documents/Eclipse/workspace/Amdahl/toolconfigs" />
    <property name="awt.toolkit" value="apple.awt.CToolkit" />
    <property name="socksNonProxyHosts" value="local|*.local|169.254/16|*.169.254/16" />
    <property name="ftp.nonProxyHosts" value="local|*.local|169.254/16|*.169.254/16" />
    <property name="user.home" value="/Users/wouterkonecny" />
    <property name="java.specification.vendor" value="Sun Microsystems Inc." />
    <property name="java.library.path" value=".:/Library/Java/Extensions:/System/Library/Java/Extensions:/usr/lib/java:/Applications/Eclipse/configuration/org.eclipse.osgi/bundles/237/1/.cp" />
    <property name="java.vendor.url" value="http://www.apple.com/" />
    <property name="java.vm.vendor" value="Apple Inc." />
    <property name="gopherProxySet" value="false" />
    <property name="java.runtime.name" value="Java(TM) SE Runtime Environment" />
    <property name="sun.java.command" value="org.eclipse.ant.internal.launching.remote.InternalAntRunner -Dorg.eclipse.ant.core.ANT_PROCESS_ID=1315394817809 -Declipse.connect.port=65454 -Dant.home=/Applications/Eclipse/plugins/org.apache.ant_1.8.2.v20110505-1300 -logger org.eclipse.ant.internal.launching.remote.logger.RemoteAntBuildLogger -inputhandler org.eclipse.ant.internal.ui.antsupport.inputhandler.ProxyInputHandler -buildfile /Users/wouterkonecny/Documents/Eclipse/workspace/Amdahl/build.xml" />
    <property name="java.class.path" value="/Applications/Eclipse/plugins/org.apache.ant_1.8.2.v20110505-1300/lib/ant-antlr.jar:/Applications/Eclipse/plugins/org.apache.ant_1.8.2.v20110505-1300/lib/ant-apache-bcel.jar:/Applications/Eclipse/plugins/org.apache.ant_1.8.2.v20110505-1300/lib/ant-apache-bsf.jar:/Applications/Eclipse/plugins/org.apache.ant_1.8.2.v20110505-1300/lib/ant-apache-log4j.jar:/Applications/Eclipse/plugins/org.apache.ant_1.8.2.v20110505-1300/lib/ant-apache-oro.jar:/Applications/Eclipse/plugins/org.apache.ant_1.8.2.v20110505-1300/lib/ant-apache-regexp.jar:/Applications/Eclipse/plugins/org.apache.ant_1.8.2.v20110505-1300/lib/ant-apache-resolver.jar:/Applications/Eclipse/plugins/org.apache.ant_1.8.2.v20110505-1300/lib/ant-apache-xalan2.jar:/Applications/Eclipse/plugins/org.apache.ant_1.8.2.v20110505-1300/lib/ant-commons-logging.jar:/Applications/Eclipse/plugins/org.apache.ant_1.8.2.v20110505-1300/lib/ant-commons-net.jar:/Applications/Eclipse/plugins/org.apache.ant_1.8.2.v20110505-1300/lib/ant-jai.jar:/Applications/Eclipse/plugins/org.apache.ant_1.8.2.v20110505-1300/lib/ant-javamail.jar:/Applications/Eclipse/plugins/org.apache.ant_1.8.2.v20110505-1300/lib/ant-jdepend.jar:/Applications/Eclipse/plugins/org.apache.ant_1.8.2.v20110505-1300/lib/ant-jmf.jar:/Applications/Eclipse/plugins/org.apache.ant_1.8.2.v20110505-1300/lib/ant-jsch.jar:/Applications/Eclipse/plugins/org.apache.ant_1.8.2.v20110505-1300/lib/ant-junit.jar:/Applications/Eclipse/plugins/org.apache.ant_1.8.2.v20110505-1300/lib/ant-junit4.jar:/Applications/Eclipse/plugins/org.apache.ant_1.8.2.v20110505-1300/lib/ant-launcher.jar:/Applications/Eclipse/plugins/org.apache.ant_1.8.2.v20110505-1300/lib/ant-netrexx.jar:/Applications/Eclipse/plugins/org.apache.ant_1.8.2.v20110505-1300/lib/ant-swing.jar:/Applications/Eclipse/plugins/org.apache.ant_1.8.2.v20110505-1300/lib/ant-testutil.jar:/Applications/Eclipse/plugins/org.apache.ant_1.8.2.v20110505-1300/lib/ant.jar:/Applications/Eclipse/configuration/org.eclipse.osgi/bundles/32/1/.cp/lib/antdebug.jar:/Applications/Eclipse/configuration/org.eclipse.osgi/bundles/32/1/.cp/lib/remote.jar:/Applications/Eclipse/configuration/org.eclipse.osgi/bundles/33/1/.cp/lib/remoteAnt.jar:/Applications/Eclipse/plugins/org.eclipse.swt.cocoa.macosx.x86_64_3.7.0.v3735b.jar" />
    <property name="ant.version" value="Apache Ant(TM) version 1.8.2 compiled on December 20 2010" />
    <property name="TSTAMP" value="1326" />
    <property name="java.vm.specification.name" value="Java Virtual Machine Specification" />
    <property name="java.vm.specification.version" value="1.0" />
    <property name="sun.cpu.endian" value="little" />
    <property name="sun.os.patch.level" value="unknown" />
    <property name="ant.file.AntIntro" value="/Users/wouterkonecny/Documents/Eclipse/workspace/Amdahl/build.xml" />
    <property name="java.io.tmpdir" value="/var/folders/nc/r950hthj6wlfhz0036jzn0940000gn/T/" />
    <property name="java.vendor.url.bug" value="http://bugreport.apple.com/" />
    <property name="mrj.build" value="11A511" />
    <property name="os.arch" value="x86_64" />
    <property name="java.awt.graphicsenv" value="apple.awt.CGraphicsEnvironment" />
    <property name="java.ext.dirs" value="/Library/Java/Extensions:/System/Library/Java/Extensions:/System/Library/Java/JavaVirtualMachines/1.6.0.jdk/Contents/Home/lib/ext" />
    <property name="mrj.version" value="1070.1.6.0_26-383" />
    <property name="user.dir" value="/Users/wouterkonecny/Documents/Eclipse/workspace/Amdahl" />
    <property name="dirs.source" value="/Users/wouterkonecny/Documents/Eclipse/workspace/Amdahl/src" />
    <property name="dirs.libs" value="/Users/wouterkonecny/Documents/Eclipse/workspace/Amdahl/libs" />
    <property name="line.separator" value="&#xa;" />
    <property name="java.vm.name" value="Java HotSpot(TM) 64-Bit Server VM" />
    <property name="dirs.javadoc" value="/Users/wouterkonecny/Documents/Eclipse/workspace/Amdahl/reports/javadoc" />
    <property name="dirs.dist" value="/Users/wouterkonecny/Documents/Eclipse/workspace/Amdahl/dist" />
    <property name="basedir" value="/Users/wouterkonecny/Documents/Eclipse/workspace/Amdahl" />
    <property name="ant.java.version" value="1.6" />
    <property name="ant.core.lib" value="/Applications/Eclipse/plugins/org.apache.ant_1.8.2.v20110505-1300/lib/ant.jar" />
    <property name="file.encoding" value="MacRoman" />
    <property name="dirs.junit" value="/Users/wouterkonecny/Documents/Eclipse/workspace/Amdahl/reports/junit" />
    <property name="java.specification.version" value="1.6" />
    <property name="ant.project.invoked-targets" value="dist" />
  </properties>
  <testcase classname="amdahl.AmdahlTests" name="testAmdahlSpeedupFactorWithPositiveNumberOfCPU" time="0.0040" />
  <testcase classname="amdahl.AmdahlTests" name="testAmdahlSpeedupFactorWithNegativeNumberOfCPU" time="0.0" />
  <testcase classname="amdahl.AmdahlTests" name="testAmdahlSpeedupFactorZeroNumberOfCPU" time="0.0" />
  <testcase classname="amdahl.AmdahlTests" name="testAmdahlEfficiencyFactorWithPositiveNumberOfCPU" time="0.0" />
  <testcase classname="amdahl.AmdahlTests" name="testAmdahlEfficiencyFactorWithNegativeNumberOfCPU" time="0.0" />
  <testcase classname="amdahl.AmdahlTests" name="testAmdahlEfficiencyFactorWithZeroNumberOfCPU" time="0.0" />
  <system-out><![CDATA[]]></system-out>
  <system-err><![CDATA[]]></system-err>
</testsuite>
